c:\users\james\documents\visual studio 2015\projects\aeon\aeon\x64\debug\vc140.pdb
c:\users\james\documents\visual studio 2015\projects\aeon\aeon\x64\debug\vc140.idb
c:\users\james\documents\visual studio 2015\projects\aeon\aeon\x64\debug\aeon.obj
c:\users\james\documents\visual studio 2015\projects\aeon\aeon\x64\debug\window.obj
c:\users\james\documents\visual studio 2015\projects\aeon\aeon\x64\debug\device.obj
c:\users\james\documents\visual studio 2015\projects\aeon\aeon\x64\debug\surface.obj
c:\users\james\documents\visual studio 2015\projects\aeon\aeon\x64\debug\error.obj
c:\users\james\documents\visual studio 2015\projects\aeon\aeon\x64\debug\instance.obj
c:\users\james\documents\visual studio 2015\projects\aeon\aeon\x64\debug\physical.obj
c:\users\james\documents\visual studio 2015\projects\aeon\x64\debug\aeon.ilk
c:\users\james\documents\visual studio 2015\projects\aeon\x64\debug\aeon.exe
c:\users\james\documents\visual studio 2015\projects\aeon\x64\debug\aeon.pdb
c:\users\james\documents\visual studio 2015\projects\aeon\aeon\x64\debug\aeon.tlog\cl.command.1.tlog
c:\users\james\documents\visual studio 2015\projects\aeon\aeon\x64\debug\aeon.tlog\cl.read.1.tlog
c:\users\james\documents\visual studio 2015\projects\aeon\aeon\x64\debug\aeon.tlog\cl.write.1.tlog
c:\users\james\documents\visual studio 2015\projects\aeon\aeon\x64\debug\aeon.tlog\link-cvtres.read.1.tlog
c:\users\james\documents\visual studio 2015\projects\aeon\aeon\x64\debug\aeon.tlog\link-cvtres.write.1.tlog
c:\users\james\documents\visual studio 2015\projects\aeon\aeon\x64\debug\aeon.tlog\link-rc.read.1.tlog
c:\users\james\documents\visual studio 2015\projects\aeon\aeon\x64\debug\aeon.tlog\link-rc.write.1.tlog
c:\users\james\documents\visual studio 2015\projects\aeon\aeon\x64\debug\aeon.tlog\link.4136-cvtres.read.1.tlog
c:\users\james\documents\visual studio 2015\projects\aeon\aeon\x64\debug\aeon.tlog\link.4136-cvtres.write.1.tlog
c:\users\james\documents\visual studio 2015\projects\aeon\aeon\x64\debug\aeon.tlog\link.4136-rc.read.1.tlog
c:\users\james\documents\visual studio 2015\projects\aeon\aeon\x64\debug\aeon.tlog\link.4136-rc.write.1.tlog
c:\users\james\documents\visual studio 2015\projects\aeon\aeon\x64\debug\aeon.tlog\link.4136.read.1.tlog
c:\users\james\documents\visual studio 2015\projects\aeon\aeon\x64\debug\aeon.tlog\link.4136.write.1.tlog
c:\users\james\documents\visual studio 2015\projects\aeon\aeon\x64\debug\aeon.tlog\link.command.1.tlog
c:\users\james\documents\visual studio 2015\projects\aeon\aeon\x64\debug\aeon.tlog\link.read.1.tlog
c:\users\james\documents\visual studio 2015\projects\aeon\aeon\x64\debug\aeon.tlog\link.write.1.tlog
